<?xml version="1.0" encoding="UTF-8" ?>
<testsuite tests="39" failures="12" name="TestSuite" time="0.661" errors="0" skipped="27">
  <properties>
    <property name="java.runtime.name" value="Java(TM) SE Runtime Environment"/>
    <property name="sun.boot.library.path" value="/Library/Java/JavaVirtualMachines/jdk1.8.0_192.jdk/Contents/Home/jre/lib"/>
    <property name="java.vm.version" value="25.192-b12"/>
    <property name="gopherProxySet" value="false"/>
    <property name="java.vm.vendor" value="Oracle Corporation"/>
    <property name="maven.multiModuleProjectDirectory" value="/Users/wzhang/my_files/projects/makeapoem"/>
    <property name="java.vendor.url" value="http://java.oracle.com/"/>
    <property name="path.separator" value=":"/>
    <property name="guice.disable.misplaced.annotation.check" value="true"/>
    <property name="java.vm.name" value="Java HotSpot(TM) 64-Bit Server VM"/>
    <property name="file.encoding.pkg" value="sun.io"/>
    <property name="user.country" value="CN"/>
    <property name="sun.java.launcher" value="SUN_STANDARD"/>
    <property name="sun.os.patch.level" value="unknown"/>
    <property name="java.vm.specification.name" value="Java Virtual Machine Specification"/>
    <property name="user.dir" value="/Users/wzhang/my_files/projects/makeapoem"/>
    <property name="java.runtime.version" value="1.8.0_192-b12"/>
    <property name="java.awt.graphicsenv" value="sun.awt.CGraphicsEnvironment"/>
    <property name="java.endorsed.dirs" value="/Library/Java/JavaVirtualMachines/jdk1.8.0_192.jdk/Contents/Home/jre/lib/endorsed"/>
    <property name="os.arch" value="x86_64"/>
    <property name="java.io.tmpdir" value="/var/folders/fl/pgpf1_314y72c2m1hf9qcwt40000gy/T/"/>
    <property name="line.separator" value="
"/>
    <property name="java.vm.specification.vendor" value="Oracle Corporation"/>
    <property name="os.name" value="Mac OS X"/>
    <property name="classworlds.conf" value="/usr/local/Cellar/maven/3.6.0/libexec/bin/m2.conf"/>
    <property name="sun.jnu.encoding" value="UTF-8"/>
    <property name="java.library.path" value="/Users/wzhang/Library/Java/Extensions:/Library/Java/Extensions:/Network/Library/Java/Extensions:/System/Library/Java/Extensions:/usr/lib/java:."/>
    <property name="maven.conf" value="/usr/local/Cellar/maven/3.6.0/libexec/conf"/>
    <property name="java.specification.name" value="Java Platform API Specification"/>
    <property name="java.class.version" value="52.0"/>
    <property name="sun.management.compiler" value="HotSpot 64-Bit Tiered Compilers"/>
    <property name="os.version" value="10.14.1"/>
    <property name="library.jansi.path" value="/usr/local/Cellar/maven/3.6.0/libexec/lib/jansi-native"/>
    <property name="http.nonProxyHosts" value="local|*.local|169.254/16|*.169.254/16"/>
    <property name="user.home" value="/Users/wzhang"/>
    <property name="user.timezone" value="Asia/Shanghai"/>
    <property name="java.awt.printerjob" value="sun.lwawt.macosx.CPrinterJob"/>
    <property name="java.specification.version" value="1.8"/>
    <property name="file.encoding" value="UTF-8"/>
    <property name="user.name" value="wzhang"/>
    <property name="java.class.path" value="/usr/local/Cellar/maven/3.6.0/libexec/boot/plexus-classworlds-2.5.2.jar"/>
    <property name="java.vm.specification.version" value="1.8"/>
    <property name="sun.arch.data.model" value="64"/>
    <property name="java.home" value="/Library/Java/JavaVirtualMachines/jdk1.8.0_192.jdk/Contents/Home/jre"/>
    <property name="sun.java.command" value="org.codehaus.plexus.classworlds.launcher.Launcher clean install"/>
    <property name="java.specification.vendor" value="Oracle Corporation"/>
    <property name="user.language" value="en"/>
    <property name="awt.toolkit" value="sun.lwawt.macosx.LWCToolkit"/>
    <property name="java.vm.info" value="mixed mode"/>
    <property name="java.version" value="1.8.0_192"/>
    <property name="java.ext.dirs" value="/Users/wzhang/Library/Java/Extensions:/Library/Java/JavaVirtualMachines/jdk1.8.0_192.jdk/Contents/Home/jre/lib/ext:/Library/Java/Extensions:/Network/Library/Java/Extensions:/System/Library/Java/Extensions:/usr/lib/java"/>
    <property name="sun.boot.class.path" value="/Library/Java/JavaVirtualMachines/jdk1.8.0_192.jdk/Contents/Home/jre/lib/resources.jar:/Library/Java/JavaVirtualMachines/jdk1.8.0_192.jdk/Contents/Home/jre/lib/rt.jar:/Library/Java/JavaVirtualMachines/jdk1.8.0_192.jdk/Contents/Home/jre/lib/sunrsasign.jar:/Library/Java/JavaVirtualMachines/jdk1.8.0_192.jdk/Contents/Home/jre/lib/jsse.jar:/Library/Java/JavaVirtualMachines/jdk1.8.0_192.jdk/Contents/Home/jre/lib/jce.jar:/Library/Java/JavaVirtualMachines/jdk1.8.0_192.jdk/Contents/Home/jre/lib/charsets.jar:/Library/Java/JavaVirtualMachines/jdk1.8.0_192.jdk/Contents/Home/jre/lib/jfr.jar:/Library/Java/JavaVirtualMachines/jdk1.8.0_192.jdk/Contents/Home/jre/classes"/>
    <property name="java.vendor" value="Oracle Corporation"/>
    <property name="maven.home" value="/usr/local/Cellar/maven/3.6.0/libexec"/>
    <property name="file.separator" value="/"/>
    <property name="java.vendor.url.bug" value="http://bugreport.sun.com/bugreport/"/>
    <property name="sun.cpu.endian" value="little"/>
    <property name="sun.io.unicode.encoding" value="UnicodeBig"/>
    <property name="socksNonProxyHosts" value="local|*.local|169.254/16|*.169.254/16"/>
    <property name="ftp.nonProxyHosts" value="local|*.local|169.254/16|*.169.254/16"/>
    <property name="sun.cpu.isalist" value=""/>
  </properties>
  <testcase classname="com.springapp.mvc.controller.FinalPoemControllerTest" name="setUp" time="0.319">
    <failure message="javax/servlet/AsyncContext" type="java.lang.NoClassDefFoundError">java.lang.NoClassDefFoundError: javax/servlet/AsyncContext
	at com.springapp.mvc.controller.FinalPoemControllerTest.setUp(FinalPoemControllerTest.java:32)
Caused by: java.lang.ClassNotFoundException: javax.servlet.AsyncContext
	at java.net.URLClassLoader.findClass(URLClassLoader.java:382)
	at java.lang.ClassLoader.loadClass(ClassLoader.java:424)
	at sun.misc.Launcher$AppClassLoader.loadClass(Launcher.java:349)
	at java.lang.ClassLoader.loadClass(ClassLoader.java:357)
	... 37 more
</failure>
    <system-out>Configuring TestNG with: org.apache.maven.surefire.testng.conf.TestNGMapConfigurator@6979e8cb
</system-out>
  </testcase>
  <testcase classname="com.springapp.mvc.controller.FinalPoemControllerTest" name="setUp" time="0.32">
    <failure message="javax/servlet/AsyncContext" type="java.lang.NoClassDefFoundError">java.lang.NoClassDefFoundError: javax/servlet/AsyncContext
	at com.springapp.mvc.controller.FinalPoemControllerTest.setUp(FinalPoemControllerTest.java:32)
Caused by: java.lang.ClassNotFoundException: javax.servlet.AsyncContext
	at java.net.URLClassLoader.findClass(URLClassLoader.java:382)
	at java.lang.ClassLoader.loadClass(ClassLoader.java:424)
	at sun.misc.Launcher$AppClassLoader.loadClass(Launcher.java:349)
	at java.lang.ClassLoader.loadClass(ClassLoader.java:357)
	... 37 more
</failure>
  </testcase>
  <testcase classname="com.springapp.mvc.controller.FinalPoemControllerTest" name="testAddSentence" time="0">
    <skipped/>
  </testcase>
  <testcase classname="com.springapp.mvc.controller.FinalPoemControllerTest" name="setUp" time="0">
    <skipped/>
  </testcase>
  <testcase classname="com.springapp.mvc.controller.FinalPoemControllerTest" name="setUp" time="0">
    <skipped/>
  </testcase>
  <testcase classname="com.springapp.mvc.controller.FinalPoemControllerTest" name="testOnPage" time="0">
    <skipped/>
  </testcase>
  <testcase classname="com.springapp.mvc.controller.FirstSentenceControllerTest" name="setUp" time="0.002">
    <failure message="javax/servlet/AsyncContext" type="java.lang.NoClassDefFoundError">java.lang.NoClassDefFoundError: javax/servlet/AsyncContext
	at com.springapp.mvc.controller.FirstSentenceControllerTest.setUp(FirstSentenceControllerTest.java:34)
Caused by: java.lang.ClassNotFoundException: javax.servlet.AsyncContext
	at java.net.URLClassLoader.findClass(URLClassLoader.java:382)
	at java.lang.ClassLoader.loadClass(ClassLoader.java:424)
	at sun.misc.Launcher$AppClassLoader.loadClass(Launcher.java:349)
	at java.lang.ClassLoader.loadClass(ClassLoader.java:357)
	... 37 more
</failure>
  </testcase>
  <testcase classname="com.springapp.mvc.controller.FirstSentenceControllerTest" name="setUp" time="0.002">
    <failure message="javax/servlet/AsyncContext" type="java.lang.NoClassDefFoundError">java.lang.NoClassDefFoundError: javax/servlet/AsyncContext
	at com.springapp.mvc.controller.FirstSentenceControllerTest.setUp(FirstSentenceControllerTest.java:34)
Caused by: java.lang.ClassNotFoundException: javax.servlet.AsyncContext
	at java.net.URLClassLoader.findClass(URLClassLoader.java:382)
	at java.lang.ClassLoader.loadClass(ClassLoader.java:424)
	at sun.misc.Launcher$AppClassLoader.loadClass(Launcher.java:349)
	at java.lang.ClassLoader.loadClass(ClassLoader.java:357)
	... 37 more
</failure>
  </testcase>
  <testcase classname="com.springapp.mvc.controller.FirstSentenceControllerTest" name="testAddSentence" time="0">
    <skipped/>
  </testcase>
  <testcase classname="com.springapp.mvc.controller.FirstSentenceControllerTest" name="setUp" time="0.001">
    <skipped/>
  </testcase>
  <testcase classname="com.springapp.mvc.controller.FirstSentenceControllerTest" name="setUp" time="0.001">
    <skipped/>
  </testcase>
  <testcase classname="com.springapp.mvc.controller.FirstSentenceControllerTest" name="testOnPage" time="0">
    <skipped/>
  </testcase>
  <testcase classname="com.springapp.mvc.controller.FourthSentenceControllerTest" name="setUp" time="0.002">
    <failure message="javax/servlet/AsyncContext" type="java.lang.NoClassDefFoundError">java.lang.NoClassDefFoundError: javax/servlet/AsyncContext
	at com.springapp.mvc.controller.FourthSentenceControllerTest.setUp(FourthSentenceControllerTest.java:33)
Caused by: java.lang.ClassNotFoundException: javax.servlet.AsyncContext
	at java.net.URLClassLoader.findClass(URLClassLoader.java:382)
	at java.lang.ClassLoader.loadClass(ClassLoader.java:424)
	at sun.misc.Launcher$AppClassLoader.loadClass(Launcher.java:349)
	at java.lang.ClassLoader.loadClass(ClassLoader.java:357)
	... 37 more
</failure>
  </testcase>
  <testcase classname="com.springapp.mvc.controller.FourthSentenceControllerTest" name="setUp" time="0.002">
    <failure message="javax/servlet/AsyncContext" type="java.lang.NoClassDefFoundError">java.lang.NoClassDefFoundError: javax/servlet/AsyncContext
	at com.springapp.mvc.controller.FourthSentenceControllerTest.setUp(FourthSentenceControllerTest.java:33)
Caused by: java.lang.ClassNotFoundException: javax.servlet.AsyncContext
	at java.net.URLClassLoader.findClass(URLClassLoader.java:382)
	at java.lang.ClassLoader.loadClass(ClassLoader.java:424)
	at sun.misc.Launcher$AppClassLoader.loadClass(Launcher.java:349)
	at java.lang.ClassLoader.loadClass(ClassLoader.java:357)
	... 37 more
</failure>
  </testcase>
  <testcase classname="com.springapp.mvc.controller.FourthSentenceControllerTest" name="testAddSentence" time="0">
    <skipped/>
  </testcase>
  <testcase classname="com.springapp.mvc.controller.FourthSentenceControllerTest" name="setUp" time="0">
    <skipped/>
  </testcase>
  <testcase classname="com.springapp.mvc.controller.FourthSentenceControllerTest" name="setUp" time="0.001">
    <skipped/>
  </testcase>
  <testcase classname="com.springapp.mvc.controller.FourthSentenceControllerTest" name="testOnPage" time="0">
    <skipped/>
  </testcase>
  <testcase classname="com.springapp.mvc.service.PoemServiceTest" name="setUp" time="0.001">
    <failure message="javax/servlet/AsyncContext" type="java.lang.NoClassDefFoundError">java.lang.NoClassDefFoundError: javax/servlet/AsyncContext
	at com.springapp.mvc.service.PoemServiceTest.setUp(PoemServiceTest.java:31)
Caused by: java.lang.ClassNotFoundException: javax.servlet.AsyncContext
	at java.net.URLClassLoader.findClass(URLClassLoader.java:382)
	at java.lang.ClassLoader.loadClass(ClassLoader.java:424)
	at sun.misc.Launcher$AppClassLoader.loadClass(Launcher.java:349)
	at java.lang.ClassLoader.loadClass(ClassLoader.java:357)
	... 37 more
</failure>
  </testcase>
  <testcase classname="com.springapp.mvc.service.PoemServiceTest" name="setUp" time="0.001">
    <failure message="javax/servlet/AsyncContext" type="java.lang.NoClassDefFoundError">java.lang.NoClassDefFoundError: javax/servlet/AsyncContext
	at com.springapp.mvc.service.PoemServiceTest.setUp(PoemServiceTest.java:31)
Caused by: java.lang.ClassNotFoundException: javax.servlet.AsyncContext
	at java.net.URLClassLoader.findClass(URLClassLoader.java:382)
	at java.lang.ClassLoader.loadClass(ClassLoader.java:424)
	at sun.misc.Launcher$AppClassLoader.loadClass(Launcher.java:349)
	at java.lang.ClassLoader.loadClass(ClassLoader.java:357)
	... 37 more
</failure>
  </testcase>
  <testcase classname="com.springapp.mvc.service.PoemServiceTest" name="testAddSentenceToCurrentPoem" time="0">
    <skipped/>
  </testcase>
  <testcase classname="com.springapp.mvc.service.PoemServiceTest" name="setUp" time="0">
    <skipped/>
  </testcase>
  <testcase classname="com.springapp.mvc.service.PoemServiceTest" name="setUp" time="0">
    <skipped/>
  </testcase>
  <testcase classname="com.springapp.mvc.service.PoemServiceTest" name="testAddSentencesToModel" time="0">
    <skipped/>
  </testcase>
  <testcase classname="com.springapp.mvc.service.PoemServiceTest" name="setUp" time="0.001">
    <skipped/>
  </testcase>
  <testcase classname="com.springapp.mvc.service.PoemServiceTest" name="setUp" time="0.001">
    <skipped/>
  </testcase>
  <testcase classname="com.springapp.mvc.service.PoemServiceTest" name="testInitTheNewPoem" time="0">
    <skipped/>
  </testcase>
  <testcase classname="com.springapp.mvc.controller.SecondSentenceControllerTest" name="setUp" time="0.001">
    <failure message="javax/servlet/AsyncContext" type="java.lang.NoClassDefFoundError">java.lang.NoClassDefFoundError: javax/servlet/AsyncContext
	at com.springapp.mvc.controller.SecondSentenceControllerTest.setUp(SecondSentenceControllerTest.java:35)
Caused by: java.lang.ClassNotFoundException: javax.servlet.AsyncContext
	at java.net.URLClassLoader.findClass(URLClassLoader.java:382)
	at java.lang.ClassLoader.loadClass(ClassLoader.java:424)
	at sun.misc.Launcher$AppClassLoader.loadClass(Launcher.java:349)
	at java.lang.ClassLoader.loadClass(ClassLoader.java:357)
	... 37 more
</failure>
  </testcase>
  <testcase classname="com.springapp.mvc.controller.SecondSentenceControllerTest" name="setUp" time="0.002">
    <failure message="javax/servlet/AsyncContext" type="java.lang.NoClassDefFoundError">java.lang.NoClassDefFoundError: javax/servlet/AsyncContext
	at com.springapp.mvc.controller.SecondSentenceControllerTest.setUp(SecondSentenceControllerTest.java:35)
Caused by: java.lang.ClassNotFoundException: javax.servlet.AsyncContext
	at java.net.URLClassLoader.findClass(URLClassLoader.java:382)
	at java.lang.ClassLoader.loadClass(ClassLoader.java:424)
	at sun.misc.Launcher$AppClassLoader.loadClass(Launcher.java:349)
	at java.lang.ClassLoader.loadClass(ClassLoader.java:357)
	... 37 more
</failure>
  </testcase>
  <testcase classname="com.springapp.mvc.controller.SecondSentenceControllerTest" name="testAddSentence" time="0">
    <skipped/>
  </testcase>
  <testcase classname="com.springapp.mvc.controller.SecondSentenceControllerTest" name="setUp" time="0">
    <skipped/>
  </testcase>
  <testcase classname="com.springapp.mvc.controller.SecondSentenceControllerTest" name="setUp" time="0">
    <skipped/>
  </testcase>
  <testcase classname="com.springapp.mvc.controller.SecondSentenceControllerTest" name="testOnPage" time="0">
    <skipped/>
  </testcase>
  <testcase classname="com.springapp.mvc.controller.ThirdSentenceControllerTest" name="setUp" time="0.002">
    <failure message="javax/servlet/AsyncContext" type="java.lang.NoClassDefFoundError">java.lang.NoClassDefFoundError: javax/servlet/AsyncContext
	at com.springapp.mvc.controller.ThirdSentenceControllerTest.setUp(ThirdSentenceControllerTest.java:33)
Caused by: java.lang.ClassNotFoundException: javax.servlet.AsyncContext
	at java.net.URLClassLoader.findClass(URLClassLoader.java:382)
	at java.lang.ClassLoader.loadClass(ClassLoader.java:424)
	at sun.misc.Launcher$AppClassLoader.loadClass(Launcher.java:349)
	at java.lang.ClassLoader.loadClass(ClassLoader.java:357)
	... 37 more
</failure>
  </testcase>
  <testcase classname="com.springapp.mvc.controller.ThirdSentenceControllerTest" name="setUp" time="0.002">
    <failure message="javax/servlet/AsyncContext" type="java.lang.NoClassDefFoundError">java.lang.NoClassDefFoundError: javax/servlet/AsyncContext
	at com.springapp.mvc.controller.ThirdSentenceControllerTest.setUp(ThirdSentenceControllerTest.java:33)
Caused by: java.lang.ClassNotFoundException: javax.servlet.AsyncContext
	at java.net.URLClassLoader.findClass(URLClassLoader.java:382)
	at java.lang.ClassLoader.loadClass(ClassLoader.java:424)
	at sun.misc.Launcher$AppClassLoader.loadClass(Launcher.java:349)
	at java.lang.ClassLoader.loadClass(ClassLoader.java:357)
	... 37 more
</failure>
  </testcase>
  <testcase classname="com.springapp.mvc.controller.ThirdSentenceControllerTest" name="testAddSentence" time="0">
    <skipped/>
  </testcase>
  <testcase classname="com.springapp.mvc.controller.ThirdSentenceControllerTest" name="setUp" time="0">
    <skipped/>
  </testcase>
  <testcase classname="com.springapp.mvc.controller.ThirdSentenceControllerTest" name="setUp" time="0">
    <skipped/>
  </testcase>
  <testcase classname="com.springapp.mvc.controller.ThirdSentenceControllerTest" name="testOnPage" time="0">
    <skipped/>
  </testcase>
</testsuite>