<?xml version="1.0" encoding="UTF-8"?>
<!-- Generated by org.testng.reporters.JUnitReportReporter -->
<testsuite hostname="wzhang.local" name="com.springapp.mvc.controller.FinalPoemControllerTest" tests="2" failures="0" timestamp="8 Nov 2013 13:04:34 GMT" time="0.235" errors="0">
  <testcase name="testOnPage" time="0.024" classname="com.springapp.mvc.controller.FinalPoemControllerTest"/>
  <testcase name="testAddSentence" time="0.211" classname="com.springapp.mvc.controller.FinalPoemControllerTest"/>
</testsuite>
