<?xml version="1.0" encoding="UTF-8"?>
<!-- Generated by org.testng.reporters.JUnitReportReporter -->
<testsuite hostname="wzhang.local" name="com.springapp.mvc.controller.ThirdSentenceControllerTest" tests="2" failures="0" timestamp="8 Nov 2013 13:04:34 GMT" time="0.002" errors="0">
  <testcase name="testOnPage" time="0.001" classname="com.springapp.mvc.controller.ThirdSentenceControllerTest"/>
  <testcase name="testAddSentence" time="0.001" classname="com.springapp.mvc.controller.ThirdSentenceControllerTest"/>
</testsuite>
