<?xml version="1.0" encoding="UTF-8"?>
<!-- Generated by org.testng.reporters.JUnitReportReporter -->
<testsuite hostname="wzhang.local" name="com.springapp.mvc.service.PoemServiceTest" tests="3" failures="0" timestamp="8 Nov 2013 13:04:34 GMT" time="0.009" errors="0">
  <testcase name="testAddSentencesToModel" time="0.003" classname="com.springapp.mvc.service.PoemServiceTest"/>
  <testcase name="testAddSentenceToCurrentPoem" time="0.005" classname="com.springapp.mvc.service.PoemServiceTest"/>
  <testcase name="testInitTheNewPoem" time="0.001" classname="com.springapp.mvc.service.PoemServiceTest"/>
</testsuite>
